{"contracts/Greeter.sol":{"l":{"10":0,"11":0,"15":0,"19":0,"20":0},"path":"/home/rupam/Desktop/hardhat/React-Hardhat-Boilerplate/smart_contracts/contracts/Greeter.sol","s":{"1":0,"2":0,"3":0},"b":{},"f":{"1":0,"2":0,"3":0},"fnMap":{"1":{"name":"constructor","line":9,"loc":{"start":{"line":9,"column":4},"end":{"line":12,"column":4}}},"2":{"name":"greet","line":14,"loc":{"start":{"line":14,"column":4},"end":{"line":16,"column":4}}},"3":{"name":"setGreeting","line":18,"loc":{"start":{"line":18,"column":4},"end":{"line":21,"column":4}}}},"statementMap":{"1":{"start":{"line":10,"column":8},"end":{"line":10,"column":67}},"2":{"start":{"line":15,"column":8},"end":{"line":15,"column":23}},"3":{"start":{"line":19,"column":8},"end":{"line":19,"column":78}}},"branchMap":{}}}